{"level":"error","message":"Error : Record not found,Request : /api/staff/PsmMz8ux"}
{"level":"error","message":"Error : ValidationError: created_by: Path `created_by` is required.,Request : /api/school"}
{"level":"error","message":"Error : ValidationError: contact_Number: Path `contact_Number` is required.,Request : /api/school"}
{"level":"error","message":"Error : ValidationError: contact_Number: Path `contact_Number` is required.,Request : /api/school"}
{"level":"error","message":"Error : Staff couldnt update ,Request : /api/staff/staffinfo"}
{"level":"error","message":"Error : Staff couldnt update ,Request : /api/staff/staffinfo"}
{"level":"error","message":"Error : Staff couldnt update ,Request : /api/staff/staffinfo"}
{"level":"error","message":"Error : Staff couldnt update ,Request : /api/staff/staffinfo"}
{"level":"error","message":"Error : Staff couldnt update ,Request : /api/staff/staffinfo"}
{"level":"error","message":"Error : Staff couldnt update ,Request : /api/staff/staffinfo"}
{"level":"error","message":"Error : Staff couldnt update ,Request : /api/staff/staffinfo"}
{"level":"error","message":"Error : Staff couldnt update ,Request : /api/staff/staffinfo"}
{"level":"error","message":"Error : Record not found,Request : /api/staff/staffinfo"}
{"level":"error","message":"Error : Record not found,Request : /api/staff/staffinfo"}
{"level":"error","message":"Error : Record not found,Request : /api/staff/staffinfo/info"}
{"level":"error","message":"Error : Record not found,Request : /api/staff/staffinfo/info"}
{"level":"error","message":"Error : Record not found,Request : /api/staff/staffinfo/info"}
{"level":"error","message":"Error : Record not found,Request : /api/staff/staffinfo/info"}
{"level":"error","message":"Error : Record not found,Request : /api/staff/staffinfo/info"}
{"level":"error","message":"Error : Record not found,Request : /api/staff/staffinfo/info"}
